Mock Version: 1.1.41
ENTER do(['bash', '--login', '-c', 'rpmbuild -bs --target x86_64 --nodeps builddir/build/SPECS/devassistant.spec'], False, '/var/lib/mock/fedora-rawhide-x86_64/root/', None, 0, True, False, 1000, 1000, None, False, {'LANG': 'en_US.utf8', 'TERM': 'vt100', 'SHELL': '/bin/bash', 'CCACHE_DIR': '/tmp/ccache', 'HOSTNAME': 'mock', 'PROMPT_COMMAND': 'echo -n "<mock-chroot>"', 'HOME': '/builddir', 'PATH': '/usr/bin:/bin:/usr/sbin:/sbin', 'CCACHE_UMASK': '002'}, logger=<mockbuild.trace_decorator.getLog object at 0x7f1d2ba35ed0>)
Executing command: ['bash', '--login', '-c', 'rpmbuild -bs --target x86_64 --nodeps builddir/build/SPECS/devassistant.spec'] with env {'LANG': 'en_US.utf8', 'TERM': 'vt100', 'SHELL': '/bin/bash', 'CCACHE_DIR': '/tmp/ccache', 'HOSTNAME': 'mock', 'PROMPT_COMMAND': 'echo -n "<mock-chroot>"', 'HOME': '/builddir', 'PATH': '/usr/bin:/bin:/usr/sbin:/sbin', 'CCACHE_UMASK': '002'}
sh: /usr/bin/python: No such file or directory
sh: /usr/bin/python: No such file or directory
sh: /usr/bin/python: No such file or directory
sh: /usr/bin/python: No such file or directory
warning: Could not canonicalize hostname: leninovo.brq.redhat.com
Building target platforms: x86_64
Building for target x86_64
Wrote: /builddir/build/SRPMS/devassistant-0.10.0-1.fc22.src.rpm
Child return code was: 0
LEAVE do --> 

ENTER do(['bash', '--login', '-c', 'rpmbuild -bb --target x86_64 --nodeps  builddir/build/SPECS/devassistant.spec'], False, '/var/lib/mock/fedora-rawhide-x86_64/root/', None, 0, True, False, 1000, 1000, None, False, {'LANG': 'en_US.utf8', 'TERM': 'vt100', 'SHELL': '/bin/bash', 'CCACHE_DIR': '/tmp/ccache', 'HOSTNAME': 'mock', 'PROMPT_COMMAND': 'echo -n "<mock-chroot>"', 'HOME': '/builddir', 'PATH': '/usr/bin:/bin:/usr/sbin:/sbin', 'CCACHE_UMASK': '002'}, logger=<mockbuild.trace_decorator.getLog object at 0x7f1d2ba35ed0>)
Executing command: ['bash', '--login', '-c', 'rpmbuild -bb --target x86_64 --nodeps  builddir/build/SPECS/devassistant.spec'] with env {'LANG': 'en_US.utf8', 'TERM': 'vt100', 'SHELL': '/bin/bash', 'CCACHE_DIR': '/tmp/ccache', 'HOSTNAME': 'mock', 'PROMPT_COMMAND': 'echo -n "<mock-chroot>"', 'HOME': '/builddir', 'PATH': '/usr/bin:/bin:/usr/sbin:/sbin', 'CCACHE_UMASK': '002'}
Building target platforms: x86_64
Building for target x86_64
Executing(%prep): /bin/sh -e /var/tmp/rpm-tmp.MpuIkj
+ umask 022
+ cd /builddir/build/BUILD
+ cd /builddir/build/BUILD
+ rm -rf devassistant-0.10.0
+ /usr/bin/gzip -dc /builddir/build/SOURCES/devassistant-0.10.0.tar.gz
+ /usr/bin/tar -xf -
+ STATUS=0
+ '[' 0 -ne 0 ']'
+ cd devassistant-0.10.0
+ /usr/bin/chmod -Rf a+rX,u+w,g-w,o-w .
+ rm -rf devassistant.egg-info
+ cp /builddir/build/SOURCES/devassistant.desktop .
+ sed -i /Version/d devassistant.desktop
+ exit 0
Executing(%build): /bin/sh -e /var/tmp/rpm-tmp.xTll0T
+ umask 022
+ cd /builddir/build/BUILD
+ cd devassistant-0.10.0
+ /usr/bin/python setup.py build
running build
running build_py
creating build
creating build/lib
creating build/lib/devassistant
copying devassistant/yaml_loader.py -> build/lib/devassistant
copying devassistant/command_helpers.py -> build/lib/devassistant
copying devassistant/yaml_snippet_loader.py -> build/lib/devassistant
copying devassistant/remote_auth.py -> build/lib/devassistant
copying devassistant/argument.py -> build/lib/devassistant
copying devassistant/command_runners.py -> build/lib/devassistant
copying devassistant/yaml_assistant.py -> build/lib/devassistant
copying devassistant/actions.py -> build/lib/devassistant
copying devassistant/settings.py -> build/lib/devassistant
copying devassistant/logger.py -> build/lib/devassistant
copying devassistant/__init__.py -> build/lib/devassistant
copying devassistant/utils.py -> build/lib/devassistant
copying devassistant/assistant_base.py -> build/lib/devassistant
copying devassistant/loaded_yaml.py -> build/lib/devassistant
copying devassistant/yaml_assistant_loader.py -> build/lib/devassistant
copying devassistant/sigint_handler.py -> build/lib/devassistant
copying devassistant/snippet.py -> build/lib/devassistant
copying devassistant/package_managers.py -> build/lib/devassistant
copying devassistant/path_runner.py -> build/lib/devassistant
copying devassistant/lang.py -> build/lib/devassistant
copying devassistant/excepthook.py -> build/lib/devassistant
copying devassistant/cache.py -> build/lib/devassistant
copying devassistant/config_manager.py -> build/lib/devassistant
copying devassistant/exceptions.py -> build/lib/devassistant
copying devassistant/bin.py -> build/lib/devassistant
copying devassistant/yaml_checker.py -> build/lib/devassistant
creating build/lib/devassistant/cli
copying devassistant/cli/devassistant_argparse.py -> build/lib/devassistant/cli
copying devassistant/cli/cli_runner.py -> build/lib/devassistant/cli
copying devassistant/cli/__init__.py -> build/lib/devassistant/cli
copying devassistant/cli/argparse_generator.py -> build/lib/devassistant/cli
creating build/lib/devassistant/gui
copying devassistant/gui/main_window.py -> build/lib/devassistant/gui
copying devassistant/gui/__init__.py -> build/lib/devassistant/gui
copying devassistant/gui/path_window.py -> build/lib/devassistant/gui
copying devassistant/gui/run_window.py -> build/lib/devassistant/gui
copying devassistant/gui/gui_helper.py -> build/lib/devassistant/gui
creating build/lib/devassistant/dapi
copying devassistant/dapi/platforms.py -> build/lib/devassistant/dapi
copying devassistant/dapi/__init__.py -> build/lib/devassistant/dapi
copying devassistant/dapi/dapicli.py -> build/lib/devassistant/dapi
copying devassistant/dapi/licenses.py -> build/lib/devassistant/dapi
copying devassistant/dapi/dapver.py -> build/lib/devassistant/dapi
running egg_info
creating devassistant.egg-info
writing requirements to devassistant.egg-info/requires.txt
writing devassistant.egg-info/PKG-INFO
writing top-level names to devassistant.egg-info/top_level.txt
writing dependency_links to devassistant.egg-info/dependency_links.txt
writing entry points to devassistant.egg-info/entry_points.txt
writing manifest file 'devassistant.egg-info/SOURCES.txt'
reading manifest file 'devassistant.egg-info/SOURCES.txt'
reading manifest template 'MANIFEST.in'
warning: no files found matching 'devassistant/gui/devassistant.desktop'
warning: no files found matching '*' under directory 'devassistant/data'
warning: no previously-included files matching '__pycache__' found under directory '.'
warning: no previously-included files matching '*' found under directory 'docs/_build'
writing manifest file 'devassistant.egg-info/SOURCES.txt'
copying devassistant/gui/devel-assistant.glade -> build/lib/devassistant/gui
copying devassistant/gui/devel-yaml.glade -> build/lib/devassistant/gui
+ exit 0
Executing(%install): /bin/sh -e /var/tmp/rpm-tmp.8Poy1u
+ umask 022
+ cd /builddir/build/BUILD
+ '[' /builddir/build/BUILDROOT/devassistant-0.10.0-1.fc22.x86_64 '!=' / ']'
+ rm -rf /builddir/build/BUILDROOT/devassistant-0.10.0-1.fc22.x86_64
++ dirname /builddir/build/BUILDROOT/devassistant-0.10.0-1.fc22.x86_64
+ mkdir -p /builddir/build/BUILDROOT
+ mkdir /builddir/build/BUILDROOT/devassistant-0.10.0-1.fc22.x86_64
+ cd devassistant-0.10.0
+ /usr/bin/python setup.py install --skip-build --root /builddir/build/BUILDROOT/devassistant-0.10.0-1.fc22.x86_64
running install
running install_lib
creating /builddir/build/BUILDROOT/devassistant-0.10.0-1.fc22.x86_64/usr
creating /builddir/build/BUILDROOT/devassistant-0.10.0-1.fc22.x86_64/usr/lib
creating /builddir/build/BUILDROOT/devassistant-0.10.0-1.fc22.x86_64/usr/lib/python2.7
creating /builddir/build/BUILDROOT/devassistant-0.10.0-1.fc22.x86_64/usr/lib/python2.7/site-packages
creating /builddir/build/BUILDROOT/devassistant-0.10.0-1.fc22.x86_64/usr/lib/python2.7/site-packages/devassistant
copying build/lib/devassistant/yaml_loader.py -> /builddir/build/BUILDROOT/devassistant-0.10.0-1.fc22.x86_64/usr/lib/python2.7/site-packages/devassistant
copying build/lib/devassistant/command_helpers.py -> /builddir/build/BUILDROOT/devassistant-0.10.0-1.fc22.x86_64/usr/lib/python2.7/site-packages/devassistant
copying build/lib/devassistant/yaml_snippet_loader.py -> /builddir/build/BUILDROOT/devassistant-0.10.0-1.fc22.x86_64/usr/lib/python2.7/site-packages/devassistant
copying build/lib/devassistant/remote_auth.py -> /builddir/build/BUILDROOT/devassistant-0.10.0-1.fc22.x86_64/usr/lib/python2.7/site-packages/devassistant
copying build/lib/devassistant/argument.py -> /builddir/build/BUILDROOT/devassistant-0.10.0-1.fc22.x86_64/usr/lib/python2.7/site-packages/devassistant
copying build/lib/devassistant/command_runners.py -> /builddir/build/BUILDROOT/devassistant-0.10.0-1.fc22.x86_64/usr/lib/python2.7/site-packages/devassistant
copying build/lib/devassistant/yaml_assistant.py -> /builddir/build/BUILDROOT/devassistant-0.10.0-1.fc22.x86_64/usr/lib/python2.7/site-packages/devassistant
copying build/lib/devassistant/actions.py -> /builddir/build/BUILDROOT/devassistant-0.10.0-1.fc22.x86_64/usr/lib/python2.7/site-packages/devassistant
copying build/lib/devassistant/settings.py -> /builddir/build/BUILDROOT/devassistant-0.10.0-1.fc22.x86_64/usr/lib/python2.7/site-packages/devassistant
copying build/lib/devassistant/logger.py -> /builddir/build/BUILDROOT/devassistant-0.10.0-1.fc22.x86_64/usr/lib/python2.7/site-packages/devassistant
copying build/lib/devassistant/__init__.py -> /builddir/build/BUILDROOT/devassistant-0.10.0-1.fc22.x86_64/usr/lib/python2.7/site-packages/devassistant
copying build/lib/devassistant/utils.py -> /builddir/build/BUILDROOT/devassistant-0.10.0-1.fc22.x86_64/usr/lib/python2.7/site-packages/devassistant
copying build/lib/devassistant/assistant_base.py -> /builddir/build/BUILDROOT/devassistant-0.10.0-1.fc22.x86_64/usr/lib/python2.7/site-packages/devassistant
copying build/lib/devassistant/loaded_yaml.py -> /builddir/build/BUILDROOT/devassistant-0.10.0-1.fc22.x86_64/usr/lib/python2.7/site-packages/devassistant
copying build/lib/devassistant/yaml_assistant_loader.py -> /builddir/build/BUILDROOT/devassistant-0.10.0-1.fc22.x86_64/usr/lib/python2.7/site-packages/devassistant
copying build/lib/devassistant/sigint_handler.py -> /builddir/build/BUILDROOT/devassistant-0.10.0-1.fc22.x86_64/usr/lib/python2.7/site-packages/devassistant
copying build/lib/devassistant/snippet.py -> /builddir/build/BUILDROOT/devassistant-0.10.0-1.fc22.x86_64/usr/lib/python2.7/site-packages/devassistant
copying build/lib/devassistant/package_managers.py -> /builddir/build/BUILDROOT/devassistant-0.10.0-1.fc22.x86_64/usr/lib/python2.7/site-packages/devassistant
creating /builddir/build/BUILDROOT/devassistant-0.10.0-1.fc22.x86_64/usr/lib/python2.7/site-packages/devassistant/cli
copying build/lib/devassistant/cli/devassistant_argparse.py -> /builddir/build/BUILDROOT/devassistant-0.10.0-1.fc22.x86_64/usr/lib/python2.7/site-packages/devassistant/cli
copying build/lib/devassistant/cli/cli_runner.py -> /builddir/build/BUILDROOT/devassistant-0.10.0-1.fc22.x86_64/usr/lib/python2.7/site-packages/devassistant/cli
copying build/lib/devassistant/cli/__init__.py -> /builddir/build/BUILDROOT/devassistant-0.10.0-1.fc22.x86_64/usr/lib/python2.7/site-packages/devassistant/cli
copying build/lib/devassistant/cli/argparse_generator.py -> /builddir/build/BUILDROOT/devassistant-0.10.0-1.fc22.x86_64/usr/lib/python2.7/site-packages/devassistant/cli
copying build/lib/devassistant/path_runner.py -> /builddir/build/BUILDROOT/devassistant-0.10.0-1.fc22.x86_64/usr/lib/python2.7/site-packages/devassistant
copying build/lib/devassistant/lang.py -> /builddir/build/BUILDROOT/devassistant-0.10.0-1.fc22.x86_64/usr/lib/python2.7/site-packages/devassistant
copying build/lib/devassistant/excepthook.py -> /builddir/build/BUILDROOT/devassistant-0.10.0-1.fc22.x86_64/usr/lib/python2.7/site-packages/devassistant
copying build/lib/devassistant/cache.py -> /builddir/build/BUILDROOT/devassistant-0.10.0-1.fc22.x86_64/usr/lib/python2.7/site-packages/devassistant
copying build/lib/devassistant/config_manager.py -> /builddir/build/BUILDROOT/devassistant-0.10.0-1.fc22.x86_64/usr/lib/python2.7/site-packages/devassistant
copying build/lib/devassistant/exceptions.py -> /builddir/build/BUILDROOT/devassistant-0.10.0-1.fc22.x86_64/usr/lib/python2.7/site-packages/devassistant
creating /builddir/build/BUILDROOT/devassistant-0.10.0-1.fc22.x86_64/usr/lib/python2.7/site-packages/devassistant/gui
copying build/lib/devassistant/gui/main_window.py -> /builddir/build/BUILDROOT/devassistant-0.10.0-1.fc22.x86_64/usr/lib/python2.7/site-packages/devassistant/gui
copying build/lib/devassistant/gui/__init__.py -> /builddir/build/BUILDROOT/devassistant-0.10.0-1.fc22.x86_64/usr/lib/python2.7/site-packages/devassistant/gui
copying build/lib/devassistant/gui/devel-yaml.glade -> /builddir/build/BUILDROOT/devassistant-0.10.0-1.fc22.x86_64/usr/lib/python2.7/site-packages/devassistant/gui
copying build/lib/devassistant/gui/path_window.py -> /builddir/build/BUILDROOT/devassistant-0.10.0-1.fc22.x86_64/usr/lib/python2.7/site-packages/devassistant/gui
copying build/lib/devassistant/gui/devel-assistant.glade -> /builddir/build/BUILDROOT/devassistant-0.10.0-1.fc22.x86_64/usr/lib/python2.7/site-packages/devassistant/gui
copying build/lib/devassistant/gui/run_window.py -> /builddir/build/BUILDROOT/devassistant-0.10.0-1.fc22.x86_64/usr/lib/python2.7/site-packages/devassistant/gui
copying build/lib/devassistant/gui/gui_helper.py -> /builddir/build/BUILDROOT/devassistant-0.10.0-1.fc22.x86_64/usr/lib/python2.7/site-packages/devassistant/gui
creating /builddir/build/BUILDROOT/devassistant-0.10.0-1.fc22.x86_64/usr/lib/python2.7/site-packages/devassistant/dapi
copying build/lib/devassistant/dapi/platforms.py -> /builddir/build/BUILDROOT/devassistant-0.10.0-1.fc22.x86_64/usr/lib/python2.7/site-packages/devassistant/dapi
copying build/lib/devassistant/dapi/__init__.py -> /builddir/build/BUILDROOT/devassistant-0.10.0-1.fc22.x86_64/usr/lib/python2.7/site-packages/devassistant/dapi
copying build/lib/devassistant/dapi/dapicli.py -> /builddir/build/BUILDROOT/devassistant-0.10.0-1.fc22.x86_64/usr/lib/python2.7/site-packages/devassistant/dapi
copying build/lib/devassistant/dapi/licenses.py -> /builddir/build/BUILDROOT/devassistant-0.10.0-1.fc22.x86_64/usr/lib/python2.7/site-packages/devassistant/dapi
copying build/lib/devassistant/dapi/dapver.py -> /builddir/build/BUILDROOT/devassistant-0.10.0-1.fc22.x86_64/usr/lib/python2.7/site-packages/devassistant/dapi
copying build/lib/devassistant/bin.py -> /builddir/build/BUILDROOT/devassistant-0.10.0-1.fc22.x86_64/usr/lib/python2.7/site-packages/devassistant
copying build/lib/devassistant/yaml_checker.py -> /builddir/build/BUILDROOT/devassistant-0.10.0-1.fc22.x86_64/usr/lib/python2.7/site-packages/devassistant
byte-compiling /builddir/build/BUILDROOT/devassistant-0.10.0-1.fc22.x86_64/usr/lib/python2.7/site-packages/devassistant/yaml_loader.py to yaml_loader.pyc
byte-compiling /builddir/build/BUILDROOT/devassistant-0.10.0-1.fc22.x86_64/usr/lib/python2.7/site-packages/devassistant/command_helpers.py to command_helpers.pyc
byte-compiling /builddir/build/BUILDROOT/devassistant-0.10.0-1.fc22.x86_64/usr/lib/python2.7/site-packages/devassistant/yaml_snippet_loader.py to yaml_snippet_loader.pyc
byte-compiling /builddir/build/BUILDROOT/devassistant-0.10.0-1.fc22.x86_64/usr/lib/python2.7/site-packages/devassistant/remote_auth.py to remote_auth.pyc
byte-compiling /builddir/build/BUILDROOT/devassistant-0.10.0-1.fc22.x86_64/usr/lib/python2.7/site-packages/devassistant/argument.py to argument.pyc
byte-compiling /builddir/build/BUILDROOT/devassistant-0.10.0-1.fc22.x86_64/usr/lib/python2.7/site-packages/devassistant/command_runners.py to command_runners.pyc
byte-compiling /builddir/build/BUILDROOT/devassistant-0.10.0-1.fc22.x86_64/usr/lib/python2.7/site-packages/devassistant/yaml_assistant.py to yaml_assistant.pyc
byte-compiling /builddir/build/BUILDROOT/devassistant-0.10.0-1.fc22.x86_64/usr/lib/python2.7/site-packages/devassistant/actions.py to actions.pyc
byte-compiling /builddir/build/BUILDROOT/devassistant-0.10.0-1.fc22.x86_64/usr/lib/python2.7/site-packages/devassistant/settings.py to settings.pyc
byte-compiling /builddir/build/BUILDROOT/devassistant-0.10.0-1.fc22.x86_64/usr/lib/python2.7/site-packages/devassistant/logger.py to logger.pyc
byte-compiling /builddir/build/BUILDROOT/devassistant-0.10.0-1.fc22.x86_64/usr/lib/python2.7/site-packages/devassistant/__init__.py to __init__.pyc
byte-compiling /builddir/build/BUILDROOT/devassistant-0.10.0-1.fc22.x86_64/usr/lib/python2.7/site-packages/devassistant/utils.py to utils.pyc
byte-compiling /builddir/build/BUILDROOT/devassistant-0.10.0-1.fc22.x86_64/usr/lib/python2.7/site-packages/devassistant/assistant_base.py to assistant_base.pyc
byte-compiling /builddir/build/BUILDROOT/devassistant-0.10.0-1.fc22.x86_64/usr/lib/python2.7/site-packages/devassistant/loaded_yaml.py to loaded_yaml.pyc
byte-compiling /builddir/build/BUILDROOT/devassistant-0.10.0-1.fc22.x86_64/usr/lib/python2.7/site-packages/devassistant/yaml_assistant_loader.py to yaml_assistant_loader.pyc
byte-compiling /builddir/build/BUILDROOT/devassistant-0.10.0-1.fc22.x86_64/usr/lib/python2.7/site-packages/devassistant/sigint_handler.py to sigint_handler.pyc
byte-compiling /builddir/build/BUILDROOT/devassistant-0.10.0-1.fc22.x86_64/usr/lib/python2.7/site-packages/devassistant/snippet.py to snippet.pyc
byte-compiling /builddir/build/BUILDROOT/devassistant-0.10.0-1.fc22.x86_64/usr/lib/python2.7/site-packages/devassistant/package_managers.py to package_managers.pyc
byte-compiling /builddir/build/BUILDROOT/devassistant-0.10.0-1.fc22.x86_64/usr/lib/python2.7/site-packages/devassistant/cli/devassistant_argparse.py to devassistant_argparse.pyc
byte-compiling /builddir/build/BUILDROOT/devassistant-0.10.0-1.fc22.x86_64/usr/lib/python2.7/site-packages/devassistant/cli/cli_runner.py to cli_runner.pyc
byte-compiling /builddir/build/BUILDROOT/devassistant-0.10.0-1.fc22.x86_64/usr/lib/python2.7/site-packages/devassistant/cli/__init__.py to __init__.pyc
byte-compiling /builddir/build/BUILDROOT/devassistant-0.10.0-1.fc22.x86_64/usr/lib/python2.7/site-packages/devassistant/cli/argparse_generator.py to argparse_generator.pyc
byte-compiling /builddir/build/BUILDROOT/devassistant-0.10.0-1.fc22.x86_64/usr/lib/python2.7/site-packages/devassistant/path_runner.py to path_runner.pyc
byte-compiling /builddir/build/BUILDROOT/devassistant-0.10.0-1.fc22.x86_64/usr/lib/python2.7/site-packages/devassistant/lang.py to lang.pyc
byte-compiling /builddir/build/BUILDROOT/devassistant-0.10.0-1.fc22.x86_64/usr/lib/python2.7/site-packages/devassistant/excepthook.py to excepthook.pyc
byte-compiling /builddir/build/BUILDROOT/devassistant-0.10.0-1.fc22.x86_64/usr/lib/python2.7/site-packages/devassistant/cache.py to cache.pyc
byte-compiling /builddir/build/BUILDROOT/devassistant-0.10.0-1.fc22.x86_64/usr/lib/python2.7/site-packages/devassistant/config_manager.py to config_manager.pyc
byte-compiling /builddir/build/BUILDROOT/devassistant-0.10.0-1.fc22.x86_64/usr/lib/python2.7/site-packages/devassistant/exceptions.py to exceptions.pyc
byte-compiling /builddir/build/BUILDROOT/devassistant-0.10.0-1.fc22.x86_64/usr/lib/python2.7/site-packages/devassistant/gui/main_window.py to main_window.pyc
byte-compiling /builddir/build/BUILDROOT/devassistant-0.10.0-1.fc22.x86_64/usr/lib/python2.7/site-packages/devassistant/gui/__init__.py to __init__.pyc
byte-compiling /builddir/build/BUILDROOT/devassistant-0.10.0-1.fc22.x86_64/usr/lib/python2.7/site-packages/devassistant/gui/path_window.py to path_window.pyc
byte-compiling /builddir/build/BUILDROOT/devassistant-0.10.0-1.fc22.x86_64/usr/lib/python2.7/site-packages/devassistant/gui/run_window.py to run_window.pyc
byte-compiling /builddir/build/BUILDROOT/devassistant-0.10.0-1.fc22.x86_64/usr/lib/python2.7/site-packages/devassistant/gui/gui_helper.py to gui_helper.pyc
byte-compiling /builddir/build/BUILDROOT/devassistant-0.10.0-1.fc22.x86_64/usr/lib/python2.7/site-packages/devassistant/dapi/platforms.py to platforms.pyc
byte-compiling /builddir/build/BUILDROOT/devassistant-0.10.0-1.fc22.x86_64/usr/lib/python2.7/site-packages/devassistant/dapi/__init__.py to __init__.pyc
byte-compiling /builddir/build/BUILDROOT/devassistant-0.10.0-1.fc22.x86_64/usr/lib/python2.7/site-packages/devassistant/dapi/dapicli.py to dapicli.pyc
byte-compiling /builddir/build/BUILDROOT/devassistant-0.10.0-1.fc22.x86_64/usr/lib/python2.7/site-packages/devassistant/dapi/licenses.py to licenses.pyc
byte-compiling /builddir/build/BUILDROOT/devassistant-0.10.0-1.fc22.x86_64/usr/lib/python2.7/site-packages/devassistant/dapi/dapver.py to dapver.pyc
byte-compiling /builddir/build/BUILDROOT/devassistant-0.10.0-1.fc22.x86_64/usr/lib/python2.7/site-packages/devassistant/bin.py to bin.pyc
byte-compiling /builddir/build/BUILDROOT/devassistant-0.10.0-1.fc22.x86_64/usr/lib/python2.7/site-packages/devassistant/yaml_checker.py to yaml_checker.pyc
running install_egg_info
running egg_info
writing requirements to devassistant.egg-info/requires.txt
writing devassistant.egg-info/PKG-INFO
writing top-level names to devassistant.egg-info/top_level.txt
writing dependency_links to devassistant.egg-info/dependency_links.txt
writing entry points to devassistant.egg-info/entry_points.txt
reading manifest file 'devassistant.egg-info/SOURCES.txt'
reading manifest template 'MANIFEST.in'
warning: no files found matching 'devassistant/gui/devassistant.desktop'
warning: no files found matching '*' under directory 'devassistant/data'
warning: no previously-included files matching '__pycache__' found under directory '.'
warning: no previously-included files matching '*' found under directory 'docs/_build'
writing manifest file 'devassistant.egg-info/SOURCES.txt'
Copying devassistant.egg-info to /builddir/build/BUILDROOT/devassistant-0.10.0-1.fc22.x86_64/usr/lib/python2.7/site-packages/devassistant-0.10.0-py2.7.egg-info
running install_scripts
Installing devassistant-gui script to /builddir/build/BUILDROOT/devassistant-0.10.0-1.fc22.x86_64/usr/bin
Installing devassistant script to /builddir/build/BUILDROOT/devassistant-0.10.0-1.fc22.x86_64/usr/bin
Installing da-gui script to /builddir/build/BUILDROOT/devassistant-0.10.0-1.fc22.x86_64/usr/bin
Installing da script to /builddir/build/BUILDROOT/devassistant-0.10.0-1.fc22.x86_64/usr/bin
+ mkdir -p /builddir/build/BUILDROOT/devassistant-0.10.0-1.fc22.x86_64/usr/share/man/man1
+ install -p -m 644 manpages/da.1 /builddir/build/BUILDROOT/devassistant-0.10.0-1.fc22.x86_64/usr/share/man/man1
+ install -p -m 644 manpages/da-gui.1 /builddir/build/BUILDROOT/devassistant-0.10.0-1.fc22.x86_64/usr/share/man/man1
+ install -p -m 644 manpages/devassistant.1 /builddir/build/BUILDROOT/devassistant-0.10.0-1.fc22.x86_64/usr/share/man/man1
+ install -p -m 644 manpages/devassistant-gui.1 /builddir/build/BUILDROOT/devassistant-0.10.0-1.fc22.x86_64/usr/share/man/man1
+ mkdir -p /builddir/build/BUILDROOT/devassistant-0.10.0-1.fc22.x86_64/etc/bash_completion.d/
+ install -p -m 644 da.bash /builddir/build/BUILDROOT/devassistant-0.10.0-1.fc22.x86_64/etc/bash_completion.d/
+ for SIZE in 16x16 22x22 24x24 32x32 48x48 256x256
+ mkdir -p /builddir/build/BUILDROOT/devassistant-0.10.0-1.fc22.x86_64/usr/share/icons/hicolor/16x16/apps
+ install -p -m 644 icons/hicolor/16x16/devassistant.png /builddir/build/BUILDROOT/devassistant-0.10.0-1.fc22.x86_64/usr/share/icons/hicolor/16x16/apps/devassistant.png
+ mkdir -p /builddir/build/BUILDROOT/devassistant-0.10.0-1.fc22.x86_64/usr/share/icons/HighContrast/16x16/apps
+ install -p -m 644 icons/HighContrast/16x16/devassistant.png /builddir/build/BUILDROOT/devassistant-0.10.0-1.fc22.x86_64/usr/share/icons/HighContrast/16x16/apps/devassistant.png
+ for SIZE in 16x16 22x22 24x24 32x32 48x48 256x256
+ mkdir -p /builddir/build/BUILDROOT/devassistant-0.10.0-1.fc22.x86_64/usr/share/icons/hicolor/22x22/apps
+ install -p -m 644 icons/hicolor/22x22/devassistant.png /builddir/build/BUILDROOT/devassistant-0.10.0-1.fc22.x86_64/usr/share/icons/hicolor/22x22/apps/devassistant.png
+ mkdir -p /builddir/build/BUILDROOT/devassistant-0.10.0-1.fc22.x86_64/usr/share/icons/HighContrast/22x22/apps
+ install -p -m 644 icons/HighContrast/22x22/devassistant.png /builddir/build/BUILDROOT/devassistant-0.10.0-1.fc22.x86_64/usr/share/icons/HighContrast/22x22/apps/devassistant.png
+ for SIZE in 16x16 22x22 24x24 32x32 48x48 256x256
+ mkdir -p /builddir/build/BUILDROOT/devassistant-0.10.0-1.fc22.x86_64/usr/share/icons/hicolor/24x24/apps
+ install -p -m 644 icons/hicolor/24x24/devassistant.png /builddir/build/BUILDROOT/devassistant-0.10.0-1.fc22.x86_64/usr/share/icons/hicolor/24x24/apps/devassistant.png
+ mkdir -p /builddir/build/BUILDROOT/devassistant-0.10.0-1.fc22.x86_64/usr/share/icons/HighContrast/24x24/apps
+ install -p -m 644 icons/HighContrast/24x24/devassistant.png /builddir/build/BUILDROOT/devassistant-0.10.0-1.fc22.x86_64/usr/share/icons/HighContrast/24x24/apps/devassistant.png
+ for SIZE in 16x16 22x22 24x24 32x32 48x48 256x256
+ mkdir -p /builddir/build/BUILDROOT/devassistant-0.10.0-1.fc22.x86_64/usr/share/icons/hicolor/32x32/apps
+ install -p -m 644 icons/hicolor/32x32/devassistant.png /builddir/build/BUILDROOT/devassistant-0.10.0-1.fc22.x86_64/usr/share/icons/hicolor/32x32/apps/devassistant.png
+ mkdir -p /builddir/build/BUILDROOT/devassistant-0.10.0-1.fc22.x86_64/usr/share/icons/HighContrast/32x32/apps
+ install -p -m 644 icons/HighContrast/32x32/devassistant.png /builddir/build/BUILDROOT/devassistant-0.10.0-1.fc22.x86_64/usr/share/icons/HighContrast/32x32/apps/devassistant.png
+ for SIZE in 16x16 22x22 24x24 32x32 48x48 256x256
+ mkdir -p /builddir/build/BUILDROOT/devassistant-0.10.0-1.fc22.x86_64/usr/share/icons/hicolor/48x48/apps
+ install -p -m 644 icons/hicolor/48x48/devassistant.png /builddir/build/BUILDROOT/devassistant-0.10.0-1.fc22.x86_64/usr/share/icons/hicolor/48x48/apps/devassistant.png
+ mkdir -p /builddir/build/BUILDROOT/devassistant-0.10.0-1.fc22.x86_64/usr/share/icons/HighContrast/48x48/apps
+ install -p -m 644 icons/HighContrast/48x48/devassistant.png /builddir/build/BUILDROOT/devassistant-0.10.0-1.fc22.x86_64/usr/share/icons/HighContrast/48x48/apps/devassistant.png
+ for SIZE in 16x16 22x22 24x24 32x32 48x48 256x256
+ mkdir -p /builddir/build/BUILDROOT/devassistant-0.10.0-1.fc22.x86_64/usr/share/icons/hicolor/256x256/apps
+ install -p -m 644 icons/hicolor/256x256/devassistant.png /builddir/build/BUILDROOT/devassistant-0.10.0-1.fc22.x86_64/usr/share/icons/hicolor/256x256/apps/devassistant.png
+ mkdir -p /builddir/build/BUILDROOT/devassistant-0.10.0-1.fc22.x86_64/usr/share/icons/HighContrast/256x256/apps
+ install -p -m 644 icons/HighContrast/256x256/devassistant.png /builddir/build/BUILDROOT/devassistant-0.10.0-1.fc22.x86_64/usr/share/icons/HighContrast/256x256/apps/devassistant.png
+ pushd /builddir/build/BUILDROOT/devassistant-0.10.0-1.fc22.x86_64/usr/lib/python2.7/site-packages
~/build/BUILDROOT/devassistant-0.10.0-1.fc22.x86_64/usr/lib/python2.7/site-packages ~/build/BUILD/devassistant-0.10.0
+ patch -p1 -F 3
patching file devassistant/settings.py
Hunk #1 FAILED at 15.
1 out of 1 hunk FAILED -- saving rejects to file devassistant/settings.py.rej
error: Bad exit status from /var/tmp/rpm-tmp.8Poy1u (%install)
    Bad exit status from /var/tmp/rpm-tmp.8Poy1u (%install)
RPM build errors:
Child return code was: 1
EXCEPTION: Command failed. See logs for output.
 # ['bash', '--login', '-c', 'rpmbuild -bb --target x86_64 --nodeps  builddir/build/SPECS/devassistant.spec']
Traceback (most recent call last):
  File "/usr/lib/python2.7/site-packages/mockbuild/trace_decorator.py", line 70, in trace
    result = func(*args, **kw)
  File "/usr/lib/python2.7/site-packages/mockbuild/util.py", line 378, in do
    raise mockbuild.exception.Error, ("Command failed. See logs for output.\n # %s" % (command,), child.returncode)
Error: Command failed. See logs for output.
 # ['bash', '--login', '-c', 'rpmbuild -bb --target x86_64 --nodeps  builddir/build/SPECS/devassistant.spec']
LEAVE do --> EXCEPTION RAISED

