INFO backend.py:1073:  Mock Version: 1.1.41
DEBUG backend.py:353:  rootdir = /var/lib/mock/fedora-rawhide-x86_64/root/
DEBUG backend.py:354:  resultdir = /home/tradej/development/fedora/devassistant/results_devassistant/0.10.0/1.fc22
INFO backend.py:357:  calling preinit hooks
DEBUG util.py:66:  ensuring that dir exists: /var/cache/mock/fedora-rawhide-x86_64/root_cache/
DEBUG util.py:333:  Executing command: ['tar', '--use-compress-program', 'pigz', '-xf', '/var/cache/mock/fedora-rawhide-x86_64/root_cache/cache.tar.gz', '-C', '/var/lib/mock/fedora-rawhide-x86_64/root/'] with env {'LANG': 'en_US.utf8', 'TERM': 'vt100', 'SHELL': '/bin/bash', 'HOSTNAME': 'mock', 'HOME': '/builddir', 'PATH': '/usr/bin:/bin:/usr/sbin:/sbin'}
DEBUG util.py:373:  Child return code was: 0
DEBUG util.py:66:  ensuring that dir exists: /var/lib/mock/fedora-rawhide-x86_64/root/./proc
DEBUG util.py:69:  creating dir: /var/lib/mock/fedora-rawhide-x86_64/root/./proc
DEBUG util.py:66:  ensuring that dir exists: /var/lib/mock/fedora-rawhide-x86_64/root/./sys
DEBUG util.py:69:  creating dir: /var/lib/mock/fedora-rawhide-x86_64/root/./sys
DEBUG util.py:66:  ensuring that dir exists: /var/lib/mock/fedora-rawhide-x86_64/root/./dev
DEBUG util.py:69:  creating dir: /var/lib/mock/fedora-rawhide-x86_64/root/./dev
DEBUG util.py:66:  ensuring that dir exists: /var/lib/mock/fedora-rawhide-x86_64/root/./tmp/ccache
DEBUG util.py:69:  creating dir: /var/lib/mock/fedora-rawhide-x86_64/root/./tmp/ccache
DEBUG util.py:66:  ensuring that dir exists: /var/lib/mock/fedora-rawhide-x86_64/root/./var/cache/yum
DEBUG util.py:69:  creating dir: /var/lib/mock/fedora-rawhide-x86_64/root/./var/cache/yum
DEBUG util.py:66:  ensuring that dir exists: /var/lib/mock/fedora-rawhide-x86_64/root/var/cache/yum
DEBUG util.py:66:  ensuring that dir exists: /var/lib/mock/fedora-rawhide-x86_64/root/tmp/ccache
DEBUG util.py:66:  ensuring that dir exists: /var/cache/mock/fedora-rawhide-x86_64/ccache/
DEBUG backend.py:537:  create skeleton dirs
DEBUG util.py:66:  ensuring that dir exists: /var/lib/mock/fedora-rawhide-x86_64/root/var/lib/rpm
DEBUG util.py:66:  ensuring that dir exists: /var/lib/mock/fedora-rawhide-x86_64/root/var/lib/yum
DEBUG util.py:66:  ensuring that dir exists: /var/lib/mock/fedora-rawhide-x86_64/root/var/lib/dbus
DEBUG util.py:66:  ensuring that dir exists: /var/lib/mock/fedora-rawhide-x86_64/root/var/log
DEBUG util.py:66:  ensuring that dir exists: /var/lib/mock/fedora-rawhide-x86_64/root/var/cache/yum
DEBUG util.py:66:  ensuring that dir exists: /var/lib/mock/fedora-rawhide-x86_64/root/etc/rpm
DEBUG util.py:66:  ensuring that dir exists: /var/lib/mock/fedora-rawhide-x86_64/root/tmp
DEBUG util.py:66:  ensuring that dir exists: /var/lib/mock/fedora-rawhide-x86_64/root/tmp/ccache
DEBUG util.py:66:  ensuring that dir exists: /var/lib/mock/fedora-rawhide-x86_64/root/var/tmp
DEBUG util.py:66:  ensuring that dir exists: /var/lib/mock/fedora-rawhide-x86_64/root/etc/yum.repos.d
DEBUG util.py:66:  ensuring that dir exists: /var/lib/mock/fedora-rawhide-x86_64/root/etc/yum
DEBUG util.py:66:  ensuring that dir exists: /var/lib/mock/fedora-rawhide-x86_64/root/proc
DEBUG util.py:66:  ensuring that dir exists: /var/lib/mock/fedora-rawhide-x86_64/root/sys
DEBUG util.py:66:  ensuring that dir exists: /var/lib/mock/fedora-rawhide-x86_64/root/run/lock
DEBUG backend.py:558:  touch required files
DEBUG util.py:78:  touching file: /var/lib/mock/fedora-rawhide-x86_64/root/etc/fstab
DEBUG util.py:78:  touching file: /var/lib/mock/fedora-rawhide-x86_64/root/var/log/yum.log
DEBUG backend.py:372:  configure yum
DEBUG backend.py:386:  configure yum priorities
DEBUG util.py:66:  ensuring that dir exists: /var/lib/mock/fedora-rawhide-x86_64/root/etc/yum/pluginconf.d
DEBUG backend.py:388:  configure yum rhnplugin
DEBUG util.py:66:  ensuring that dir exists: /var/lib/mock/fedora-rawhide-x86_64/root/etc/yum/pluginconf.d
DEBUG util.py:66:  ensuring that dir exists: /var/lib/mock/fedora-rawhide-x86_64/root/etc/pki/mock
DEBUG util.py:93:  remove tree: /var/lib/mock/fedora-rawhide-x86_64/root/dev
DEBUG util.py:66:  ensuring that dir exists: /var/lib/mock/fedora-rawhide-x86_64/root/dev/pts
DEBUG util.py:69:  creating dir: /var/lib/mock/fedora-rawhide-x86_64/root/dev/pts
DEBUG util.py:66:  ensuring that dir exists: /var/lib/mock/fedora-rawhide-x86_64/root/dev/shm
DEBUG util.py:69:  creating dir: /var/lib/mock/fedora-rawhide-x86_64/root/dev/shm
DEBUG backend.py:500:  kernel version == 3.17.2-300.fc21.x86_64
DEBUG util.py:333:  Executing command: ['/bin/mount', '-n', '-t', 'proc', 'proc', '/var/lib/mock/fedora-rawhide-x86_64/root/proc'] with env {'LANG': 'en_US.utf8', 'TERM': 'vt100', 'SHELL': '/bin/bash', 'HOSTNAME': 'mock', 'HOME': '/builddir', 'PATH': '/usr/bin:/bin:/usr/sbin:/sbin'}
DEBUG util.py:373:  Child return code was: 0
DEBUG util.py:333:  Executing command: ['/bin/mount', '-n', '-t', 'sysfs', 'mock_chroot_sys', '/var/lib/mock/fedora-rawhide-x86_64/root/sys'] with env {'LANG': 'en_US.utf8', 'TERM': 'vt100', 'SHELL': '/bin/bash', 'HOSTNAME': 'mock', 'HOME': '/builddir', 'PATH': '/usr/bin:/bin:/usr/sbin:/sbin'}
DEBUG util.py:373:  Child return code was: 0
DEBUG util.py:333:  Executing command: ['/bin/mount', '-n', '-t', 'tmpfs', 'mock_chroot_shmfs', '/var/lib/mock/fedora-rawhide-x86_64/root/dev/shm'] with env {'LANG': 'en_US.utf8', 'TERM': 'vt100', 'SHELL': '/bin/bash', 'HOSTNAME': 'mock', 'HOME': '/builddir', 'PATH': '/usr/bin:/bin:/usr/sbin:/sbin'}
DEBUG util.py:373:  Child return code was: 0
DEBUG util.py:333:  Executing command: ['/bin/mount', '-n', '-t', 'devpts', '-o', 'gid=5,mode=0620,ptmxmode=0666,newinstance', 'mock_chroot_devpts', '/var/lib/mock/fedora-rawhide-x86_64/root/dev/pts'] with env {'LANG': 'en_US.utf8', 'TERM': 'vt100', 'SHELL': '/bin/bash', 'HOSTNAME': 'mock', 'HOME': '/builddir', 'PATH': '/usr/bin:/bin:/usr/sbin:/sbin'}
DEBUG util.py:373:  Child return code was: 0
DEBUG util.py:333:  Executing command: ['/bin/mount', '-n', '--bind', '/var/cache/mock/fedora-rawhide-x86_64/yum_cache/', '/var/lib/mock/fedora-rawhide-x86_64/root/var/cache/yum'] with env {'LANG': 'en_US.utf8', 'TERM': 'vt100', 'SHELL': '/bin/bash', 'HOSTNAME': 'mock', 'HOME': '/builddir', 'PATH': '/usr/bin:/bin:/usr/sbin:/sbin'}
DEBUG util.py:373:  Child return code was: 0
DEBUG util.py:333:  Executing command: ['/bin/mount', '-n', '--bind', '/var/cache/mock/fedora-rawhide-x86_64/ccache/', '/var/lib/mock/fedora-rawhide-x86_64/root/tmp/ccache'] with env {'LANG': 'en_US.utf8', 'TERM': 'vt100', 'SHELL': '/bin/bash', 'HOSTNAME': 'mock', 'HOME': '/builddir', 'PATH': '/usr/bin:/bin:/usr/sbin:/sbin'}
DEBUG util.py:373:  Child return code was: 0
DEBUG util.py:333:  Executing command: ['/bin/mount', '-n', '--bind', '/tmp/mock-selinux-plugin.xwbhGZ', '/var/lib/mock/fedora-rawhide-x86_64/root/proc/filesystems'] with env {'LANG': 'en_US.utf8', 'TERM': 'vt100', 'SHELL': '/bin/bash', 'HOSTNAME': 'mock', 'HOME': '/builddir', 'PATH': '/usr/bin:/bin:/usr/sbin:/sbin'}
DEBUG util.py:373:  Child return code was: 0
DEBUG backend.py:1000:  ['/usr/bin/yum', '--installroot', '/var/lib/mock/fedora-rawhide-x86_64/root/', '--releasever', '22', 'update']
DEBUG util.py:333:  Executing command: ['/usr/bin/yum', '--installroot', '/var/lib/mock/fedora-rawhide-x86_64/root/', '--releasever', '22', 'update', '--setopt=tsflags=nocontexts'] with env {'LANG': 'en_US.utf8', 'TERM': 'vt100', 'SHELL': '/bin/bash', 'LC_MESSAGES': 'C', 'HOSTNAME': 'mock', 'PATH': '/usr/bin:/bin:/usr/sbin:/sbin', 'PROMPT_COMMAND': 'echo -n "<mock-chroot>"', 'HOME': '/builddir', 'CCACHE_DIR': '/tmp/ccache', 'CCACHE_UMASK': '002'}
DEBUG util.py:283:  ================================================================================
DEBUG util.py:283:   Package               Arch      Version                        Repository
DEBUG util.py:283:                                                                             Size
DEBUG util.py:283:  ================================================================================
DEBUG util.py:283:  Updating:
DEBUG util.py:283:   chkconfig             x86_64    1.3.63-1.fc22                  fedora    176 k
DEBUG util.py:283:   curl                  x86_64    7.39.0-1.fc22                  fedora    275 k
DEBUG util.py:283:   glibc                 x86_64    2.20.90-8.fc22                 fedora    3.5 M
DEBUG util.py:283:   glibc-common          x86_64    2.20.90-8.fc22                 fedora     11 M
DEBUG util.py:283:   glibc-devel           x86_64    2.20.90-8.fc22                 fedora    902 k
DEBUG util.py:283:   glibc-headers         x86_64    2.20.90-8.fc22                 fedora    489 k
DEBUG util.py:283:   grep                  x86_64    2.20-6.fc22                    fedora    349 k
DEBUG util.py:283:   kernel-headers        x86_64    3.18.0-0.rc4.git0.2.fc22       fedora    958 k
DEBUG util.py:283:   libcurl               x86_64    7.39.0-1.fc22                  fedora    241 k
DEBUG util.py:283:   nss-softokn           x86_64    3.17.2-2.fc22                  fedora    308 k
DEBUG util.py:283:   nss-softokn-freebl    x86_64    3.17.2-2.fc22                  fedora    207 k
DEBUG util.py:283:   pcre                  x86_64    8.36-2.fc22                    fedora    483 k
DEBUG util.py:283:   perl-generators       noarch    1.01-1.fc22                    fedora     14 k
DEBUG util.py:283:   python-libs           x86_64    2.7.8-8.fc22                   fedora    5.7 M
DEBUG util.py:283:   systemd-libs          x86_64    217-4.fc22                     fedora    317 k
DEBUG util.py:283:   unzip                 x86_64    6.0-16.fc22                    fedora    172 k
DEBUG util.py:283:  Transaction Summary
DEBUG util.py:283:  ================================================================================
DEBUG util.py:283:  Upgrade  16 Packages
DEBUG util.py:283:  Total size: 26 M
DEBUG util.py:283:  Total download size: 7.0 M
DEBUG util.py:283:  Delta RPMs reduced 363 k of updates to 108 k (70% saved)
DEBUG util.py:283:  grep-2.20-5.fc22.x86_64 is not installed
DEBUG util.py:283:  perl-generators-1.00-2.fc22.noarch is not installed
DEBUG util.py:283:  Some delta RPMs failed to download or rebuild. Retrying..
DEBUG util.py:283:  Updated:
DEBUG util.py:283:    chkconfig.x86_64 0:1.3.63-1.fc22                                              
DEBUG util.py:283:    curl.x86_64 0:7.39.0-1.fc22                                                   
DEBUG util.py:283:    glibc.x86_64 0:2.20.90-8.fc22                                                 
DEBUG util.py:283:    glibc-common.x86_64 0:2.20.90-8.fc22                                          
DEBUG util.py:283:    glibc-devel.x86_64 0:2.20.90-8.fc22                                           
DEBUG util.py:283:    glibc-headers.x86_64 0:2.20.90-8.fc22                                         
DEBUG util.py:283:    grep.x86_64 0:2.20-6.fc22                                                     
DEBUG util.py:283:    kernel-headers.x86_64 0:3.18.0-0.rc4.git0.2.fc22                              
DEBUG util.py:283:    libcurl.x86_64 0:7.39.0-1.fc22                                                
DEBUG util.py:283:    nss-softokn.x86_64 0:3.17.2-2.fc22                                            
DEBUG util.py:283:    nss-softokn-freebl.x86_64 0:3.17.2-2.fc22                                     
DEBUG util.py:283:    pcre.x86_64 0:8.36-2.fc22                                                     
DEBUG util.py:283:    perl-generators.noarch 0:1.01-1.fc22                                          
DEBUG util.py:283:    python-libs.x86_64 0:2.7.8-8.fc22                                             
DEBUG util.py:283:    systemd-libs.x86_64 0:217-4.fc22                                              
DEBUG util.py:283:    unzip.x86_64 0:6.0-16.fc22                                                    
DEBUG util.py:373:  Child return code was: 0
DEBUG util.py:93:  remove tree: /var/lib/mock/fedora-rawhide-x86_64/root/builddir
DEBUG util.py:333:  Executing command: ['/usr/sbin/userdel', '-r', '-f', 'mockbuild'] with env {'LANG': 'en_US.utf8', 'TERM': 'vt100', 'SHELL': '/bin/bash', 'CCACHE_DIR': '/tmp/ccache', 'HOSTNAME': 'mock', 'PROMPT_COMMAND': 'echo -n "<mock-chroot>"', 'HOME': '/builddir', 'PATH': '/usr/bin:/bin:/usr/sbin:/sbin', 'CCACHE_UMASK': '002'}
DEBUG util.py:283:  userdel: mockbuild home directory (/builddir) not found
DEBUG util.py:373:  Child return code was: 0
DEBUG util.py:333:  Executing command: ['/usr/sbin/groupdel', 'mockbuild'] with env {'LANG': 'en_US.utf8', 'TERM': 'vt100', 'SHELL': '/bin/bash', 'CCACHE_DIR': '/tmp/ccache', 'HOSTNAME': 'mock', 'PROMPT_COMMAND': 'echo -n "<mock-chroot>"', 'HOME': '/builddir', 'PATH': '/usr/bin:/bin:/usr/sbin:/sbin', 'CCACHE_UMASK': '002'}
DEBUG util.py:283:  groupdel: group 'mockbuild' does not exist
DEBUG util.py:373:  Child return code was: 6
DEBUG util.py:333:  Executing command: ['/usr/sbin/groupadd', '-g', '1000', 'mockbuild'] with env {'LANG': 'en_US.utf8', 'TERM': 'vt100', 'SHELL': '/bin/bash', 'CCACHE_DIR': '/tmp/ccache', 'HOSTNAME': 'mock', 'PROMPT_COMMAND': 'echo -n "<mock-chroot>"', 'HOME': '/builddir', 'PATH': '/usr/bin:/bin:/usr/sbin:/sbin', 'CCACHE_UMASK': '002'}
DEBUG util.py:373:  Child return code was: 0
DEBUG util.py:333:  Executing command: /usr/sbin/useradd -o -m -u 1000 -g 1000 -d /builddir -n mockbuild with env {'LANG': 'en_US.utf8', 'TERM': 'vt100', 'SHELL': '/bin/bash', 'CCACHE_DIR': '/tmp/ccache', 'HOSTNAME': 'mock', 'PROMPT_COMMAND': 'echo -n "<mock-chroot>"', 'HOME': '/builddir', 'PATH': '/usr/bin:/bin:/usr/sbin:/sbin', 'CCACHE_UMASK': '002'}
DEBUG util.py:373:  Child return code was: 0
DEBUG util.py:66:  ensuring that dir exists: /var/lib/mock/fedora-rawhide-x86_64/root/builddir/build/RPMS
DEBUG util.py:69:  creating dir: /var/lib/mock/fedora-rawhide-x86_64/root/builddir/build/RPMS
DEBUG util.py:66:  ensuring that dir exists: /var/lib/mock/fedora-rawhide-x86_64/root/builddir/build/SRPMS
DEBUG util.py:69:  creating dir: /var/lib/mock/fedora-rawhide-x86_64/root/builddir/build/SRPMS
DEBUG util.py:66:  ensuring that dir exists: /var/lib/mock/fedora-rawhide-x86_64/root/builddir/build/SOURCES
DEBUG util.py:69:  creating dir: /var/lib/mock/fedora-rawhide-x86_64/root/builddir/build/SOURCES
DEBUG util.py:66:  ensuring that dir exists: /var/lib/mock/fedora-rawhide-x86_64/root/builddir/build/SPECS
DEBUG util.py:69:  creating dir: /var/lib/mock/fedora-rawhide-x86_64/root/builddir/build/SPECS
DEBUG util.py:66:  ensuring that dir exists: /var/lib/mock/fedora-rawhide-x86_64/root/builddir/build/BUILD
DEBUG util.py:69:  creating dir: /var/lib/mock/fedora-rawhide-x86_64/root/builddir/build/BUILD
DEBUG util.py:66:  ensuring that dir exists: /var/lib/mock/fedora-rawhide-x86_64/root/builddir/build/BUILDROOT
DEBUG util.py:69:  creating dir: /var/lib/mock/fedora-rawhide-x86_64/root/builddir/build/BUILDROOT
DEBUG util.py:66:  ensuring that dir exists: /var/lib/mock/fedora-rawhide-x86_64/root/builddir/build/originals
DEBUG util.py:69:  creating dir: /var/lib/mock/fedora-rawhide-x86_64/root/builddir/build/originals
DEBUG util.py:333:  Executing command: ['/bin/umount', '-n', '/var/lib/mock/fedora-rawhide-x86_64/root/proc/filesystems'] with env {'LANG': 'en_US.utf8', 'TERM': 'vt100', 'SHELL': '/bin/bash', 'HOSTNAME': 'mock', 'HOME': '/builddir', 'PATH': '/usr/bin:/bin:/usr/sbin:/sbin'}
DEBUG util.py:373:  Child return code was: 0
DEBUG util.py:333:  Executing command: ['/bin/umount', '-n', '/var/lib/mock/fedora-rawhide-x86_64/root/tmp/ccache'] with env {'LANG': 'en_US.utf8', 'TERM': 'vt100', 'SHELL': '/bin/bash', 'HOSTNAME': 'mock', 'HOME': '/builddir', 'PATH': '/usr/bin:/bin:/usr/sbin:/sbin'}
DEBUG util.py:373:  Child return code was: 0
DEBUG util.py:333:  Executing command: ['/bin/umount', '-n', '/var/lib/mock/fedora-rawhide-x86_64/root/var/cache/yum'] with env {'LANG': 'en_US.utf8', 'TERM': 'vt100', 'SHELL': '/bin/bash', 'HOSTNAME': 'mock', 'HOME': '/builddir', 'PATH': '/usr/bin:/bin:/usr/sbin:/sbin'}
DEBUG util.py:373:  Child return code was: 0
DEBUG util.py:333:  Executing command: ['/bin/umount', '-n', '-l', '/var/lib/mock/fedora-rawhide-x86_64/root/dev/pts'] with env {'LANG': 'en_US.utf8', 'TERM': 'vt100', 'SHELL': '/bin/bash', 'HOSTNAME': 'mock', 'HOME': '/builddir', 'PATH': '/usr/bin:/bin:/usr/sbin:/sbin'}
DEBUG util.py:373:  Child return code was: 0
DEBUG util.py:333:  Executing command: ['/bin/umount', '-n', '-l', '/var/lib/mock/fedora-rawhide-x86_64/root/dev/shm'] with env {'LANG': 'en_US.utf8', 'TERM': 'vt100', 'SHELL': '/bin/bash', 'HOSTNAME': 'mock', 'HOME': '/builddir', 'PATH': '/usr/bin:/bin:/usr/sbin:/sbin'}
DEBUG util.py:373:  Child return code was: 0
DEBUG util.py:333:  Executing command: ['/bin/umount', '-n', '-l', '/var/lib/mock/fedora-rawhide-x86_64/root/sys'] with env {'LANG': 'en_US.utf8', 'TERM': 'vt100', 'SHELL': '/bin/bash', 'HOSTNAME': 'mock', 'HOME': '/builddir', 'PATH': '/usr/bin:/bin:/usr/sbin:/sbin'}
DEBUG util.py:373:  Child return code was: 0
DEBUG util.py:333:  Executing command: ['/bin/umount', '-n', '-l', '/var/lib/mock/fedora-rawhide-x86_64/root/proc'] with env {'LANG': 'en_US.utf8', 'TERM': 'vt100', 'SHELL': '/bin/bash', 'HOSTNAME': 'mock', 'HOME': '/builddir', 'PATH': '/usr/bin:/bin:/usr/sbin:/sbin'}
DEBUG util.py:373:  Child return code was: 0
INFO backend.py:673:  Installed packages:
DEBUG util.py:333:  Executing command: rpm --root /var/lib/mock/fedora-rawhide-x86_64/root/ -qa with env {'LANG': 'en_US.utf8', 'TERM': 'vt100', 'SHELL': '/bin/bash', 'CCACHE_DIR': '/tmp/ccache', 'HOSTNAME': 'mock', 'PROMPT_COMMAND': 'echo -n "<mock-chroot>"', 'HOME': '/builddir', 'PATH': '/usr/bin:/bin:/usr/sbin:/sbin', 'CCACHE_UMASK': '002'}
DEBUG util.py:283:  fedora-repos-rawhide-22-0.2.noarch
DEBUG util.py:283:  fedora-release-22-0.8.noarch
DEBUG util.py:283:  setup-2.9.2-1.fc22.noarch
DEBUG util.py:283:  basesystem-10.0-10.fc21.noarch
DEBUG util.py:283:  ghc-srpm-macros-1.3-2.fc21.noarch
DEBUG util.py:283:  gnat-srpm-macros-1-1.fc22.noarch
DEBUG util.py:283:  ocaml-srpm-macros-2-2.fc21.noarch
DEBUG util.py:283:  libstdc++-4.9.2-1.fc22.x86_64
DEBUG util.py:283:  bash-4.3.30-2.fc22.x86_64
DEBUG util.py:283:  zlib-1.2.8-7.fc22.x86_64
DEBUG util.py:283:  bzip2-libs-1.0.6-14.fc22.x86_64
DEBUG util.py:283:  nspr-4.10.7-1.fc22.x86_64
DEBUG util.py:283:  popt-1.16-5.fc22.x86_64
DEBUG util.py:283:  gmp-6.0.0-8.fc22.x86_64
DEBUG util.py:283:  libacl-2.2.52-7.fc22.x86_64
DEBUG util.py:283:  readline-6.3-5.fc22.x86_64
DEBUG util.py:283:  sed-4.2.2-9.fc22.x86_64
DEBUG util.py:283:  libffi-3.1-6.fc22.x86_64
DEBUG util.py:283:  libuuid-2.25.2-1.fc22.x86_64
DEBUG util.py:283:  libmpc-1.0.2-3.fc22.x86_64
DEBUG util.py:283:  file-libs-5.20-2.fc22.x86_64
DEBUG util.py:283:  p11-kit-0.22.1-1.fc22.x86_64
DEBUG util.py:283:  sqlite-3.8.7-1.fc22.x86_64
DEBUG util.py:283:  elfutils-libs-0.160-1.fc22.x86_64
DEBUG util.py:283:  libidn-1.29-2.fc22.x86_64
DEBUG util.py:283:  gdbm-1.11-4.fc22.x86_64
DEBUG util.py:283:  libmetalink-0.1.2-7.fc22.x86_64
DEBUG util.py:283:  cpp-4.9.2-1.fc22.x86_64
DEBUG util.py:283:  pinentry-0.8.3-7.fc22.x86_64
DEBUG util.py:283:  perl-Term-ANSIColor-4.03-3.fc22.noarch
DEBUG util.py:283:  perl-podlators-2.5.3-3.fc22.noarch
DEBUG util.py:283:  perl-Encode-2.64-1.fc22.x86_64
DEBUG util.py:283:  perl-Text-ParseWords-3.29-310.fc22.noarch
DEBUG util.py:283:  perl-macros-5.20.1-311.fc22.x86_64
DEBUG util.py:283:  perl-parent-0.228-310.fc22.noarch
DEBUG util.py:283:  perl-Time-HiRes-1.9726-310.fc22.x86_64
DEBUG util.py:283:  perl-Scalar-List-Utils-1.38-5.fc22.x86_64
DEBUG util.py:283:  perl-threads-shared-1.46-310.fc22.x86_64
DEBUG util.py:283:  perl-Socket-2.016-1.fc22.x86_64
DEBUG util.py:283:  perl-Filter-1.50-6.fc22.x86_64
DEBUG util.py:283:  perl-File-Path-2.09-311.fc22.noarch
DEBUG util.py:283:  perl-File-Temp-0.23.04-310.fc22.noarch
DEBUG util.py:283:  perl-Pod-Simple-3.28-310.fc22.noarch
DEBUG util.py:283:  patch-2.7.1-9.fc22.x86_64
DEBUG util.py:283:  libdb-utils-5.3.28-9.fc22.x86_64
DEBUG util.py:283:  bzip2-1.0.6-14.fc22.x86_64
DEBUG util.py:283:  diffutils-3.3-9.fc22.x86_64
DEBUG util.py:283:  libgomp-4.9.2-1.fc22.x86_64
DEBUG util.py:283:  ncurses-5.9-17.20140906.fc22.x86_64
DEBUG util.py:283:  ustr-1.0.4-18.fc22.x86_64
DEBUG util.py:283:  libverto-0.2.6-4.fc22.x86_64
DEBUG util.py:283:  keyutils-libs-1.5.9-4.fc22.x86_64
DEBUG util.py:283:  p11-kit-trust-0.22.1-1.fc22.x86_64
DEBUG util.py:283:  krb5-libs-1.13-2.fc22.x86_64
DEBUG util.py:283:  coreutils-8.23-4.fc22.x86_64
DEBUG util.py:283:  binutils-2.24-28.fc22.x86_64
DEBUG util.py:283:  cracklib-2.9.1-5.fc22.x86_64
DEBUG util.py:283:  libblkid-2.25.2-1.fc22.x86_64
DEBUG util.py:283:  libmount-2.25.2-1.fc22.x86_64
DEBUG util.py:283:  pam-1.1.8-18.fc22.x86_64
DEBUG util.py:283:  gcc-4.9.2-1.fc22.x86_64
DEBUG util.py:283:  libutempter-1.1.6-6.fc22.x86_64
DEBUG util.py:283:  nss-sysinit-3.17.2-2.fc22.x86_64
DEBUG util.py:283:  openldap-2.4.40-1.fc22.x86_64
DEBUG util.py:283:  glib2-2.43.0-1.fc22.x86_64
DEBUG util.py:283:  libbabeltrace-1.2.1-3.fc22.x86_64
DEBUG util.py:283:  libsmartcols-2.25.2-1.fc22.x86_64
DEBUG util.py:283:  libarchive-3.1.2-10.fc22.x86_64
DEBUG util.py:283:  rpm-libs-4.12.0.1-4.fc22.x86_64
DEBUG util.py:283:  redhat-rpm-config-26-1.fc22.noarch
DEBUG util.py:283:  gnupg2-2.0.25-2.fc22.x86_64
DEBUG util.py:283:  rpm-build-4.12.0.1-4.fc22.x86_64
DEBUG util.py:283:  gcc-c++-4.9.2-1.fc22.x86_64
DEBUG util.py:283:  make-4.0-3.1.fc22.x86_64
DEBUG util.py:283:  glibc-2.20.90-8.fc22.x86_64
DEBUG util.py:283:  libcurl-7.39.0-1.fc22.x86_64
DEBUG util.py:283:  kernel-headers-3.18.0-0.rc4.git0.2.fc22.x86_64
DEBUG util.py:283:  glibc-devel-2.20.90-8.fc22.x86_64
DEBUG util.py:283:  curl-7.39.0-1.fc22.x86_64
DEBUG util.py:283:  systemd-libs-217-4.fc22.x86_64
DEBUG util.py:283:  nss-softokn-3.17.2-2.fc22.x86_64
DEBUG util.py:283:  perl-generators-1.01-1.fc22.noarch
DEBUG util.py:283:  libgcc-4.9.2-1.fc22.x86_64
DEBUG util.py:283:  fedora-repos-22-0.2.noarch
DEBUG util.py:283:  fedora-release-cloud-22-0.8.noarch
DEBUG util.py:283:  filesystem-3.2-32.fc22.x86_64
DEBUG util.py:283:  ncurses-base-5.9-17.20140906.fc22.noarch
DEBUG util.py:283:  perl-srpm-macros-1-14.fc22.noarch
DEBUG util.py:283:  tzdata-2014i-1.fc22.noarch
DEBUG util.py:283:  xz-libs-5.1.2-15alpha.fc22.x86_64
DEBUG util.py:283:  ncurses-libs-5.9-17.20140906.fc22.x86_64
DEBUG util.py:283:  libsepol-2.3-4.fc22.x86_64
DEBUG util.py:283:  libselinux-2.3-5.fc22.x86_64
DEBUG util.py:283:  info-5.2-7.fc22.x86_64
DEBUG util.py:283:  libdb-5.3.28-9.fc22.x86_64
DEBUG util.py:283:  elfutils-libelf-0.160-1.fc22.x86_64
DEBUG util.py:283:  nss-util-3.17.2-1.fc22.x86_64
DEBUG util.py:283:  libattr-2.4.47-9.fc22.x86_64
DEBUG util.py:283:  libcap-2.24-7.fc22.x86_64
DEBUG util.py:283:  lua-5.2.2-8.fc22.x86_64
DEBUG util.py:283:  mpfr-3.1.2-6.fc22.x86_64
DEBUG util.py:283:  libgpg-error-1.16-1.fc22.x86_64
DEBUG util.py:283:  audit-libs-2.4.1-1.fc22.x86_64
DEBUG util.py:283:  libcom_err-1.42.12-1.fc22.x86_64
DEBUG util.py:283:  expat-2.1.0-10.fc22.x86_64
DEBUG util.py:283:  libgcrypt-1.6.1-7.fc22.x86_64
DEBUG util.py:283:  gawk-4.1.1-5.fc22.x86_64
DEBUG util.py:283:  libxml2-2.9.2-2.fc22.x86_64
DEBUG util.py:283:  elfutils-0.160-1.fc22.x86_64
DEBUG util.py:283:  file-5.20-2.fc22.x86_64
DEBUG util.py:283:  libassuan-2.1.2-1.fc22.x86_64
DEBUG util.py:283:  groff-base-1.22.2-11.fc22.x86_64
DEBUG util.py:283:  perl-HTTP-Tiny-0.050-1.fc22.noarch
DEBUG util.py:283:  perl-Pod-Perldoc-3.24-4.fc22.noarch
DEBUG util.py:283:  perl-Pod-Escapes-1.06-311.fc22.noarch
DEBUG util.py:283:  perl-Pod-Usage-1.64-2.fc22.noarch
DEBUG util.py:283:  perl-libs-5.20.1-311.fc22.x86_64
DEBUG util.py:283:  perl-constant-1.31-310.fc22.noarch
DEBUG util.py:283:  perl-Exporter-5.70-311.fc22.noarch
DEBUG util.py:283:  perl-Storable-2.51-4.fc22.x86_64
DEBUG util.py:283:  perl-threads-1.96-1.fc22.x86_64
DEBUG util.py:283:  perl-Time-Local-1.2300-310.fc22.noarch
DEBUG util.py:283:  perl-Carp-1.33.01-310.fc22.noarch
DEBUG util.py:283:  perl-PathTools-3.47-310.fc22.x86_64
DEBUG util.py:283:  perl-Getopt-Long-2.42-310.fc22.noarch
DEBUG util.py:283:  perl-5.20.1-311.fc22.x86_64
DEBUG util.py:283:  tar-1.28-3.fc22.x86_64
DEBUG util.py:283:  dwz-0.11-4.fc22.x86_64
DEBUG util.py:283:  cyrus-sasl-lib-2.1.26-19.fc22.x86_64
DEBUG util.py:283:  zip-3.0-12.fc22.x86_64
DEBUG util.py:283:  findutils-4.5.14-1.fc22.x86_64
DEBUG util.py:283:  cpio-2.11-30.fc22.x86_64
DEBUG util.py:283:  xz-5.1.2-15alpha.fc22.x86_64
DEBUG util.py:283:  libstdc++-devel-4.9.2-1.fc22.x86_64
DEBUG util.py:283:  libsemanage-2.3-6.fc22.x86_64
DEBUG util.py:283:  libcap-ng-0.7.4-7.fc22.x86_64
DEBUG util.py:283:  libtasn1-4.2-1.fc22.x86_64
DEBUG util.py:283:  ca-certificates-2014.2.1-5.fc22.noarch
DEBUG util.py:283:  openssl-libs-1.0.1j-1.fc22.x86_64
DEBUG util.py:283:  crypto-policies-20140905-1.git4649b7d.fc22.noarch
DEBUG util.py:283:  gzip-1.6-6.fc22.x86_64
DEBUG util.py:283:  cracklib-dicts-2.9.1-5.fc22.x86_64
DEBUG util.py:283:  libssh2-1.4.3-16.fc22.x86_64
DEBUG util.py:283:  libpwquality-1.2.4-2.fc22.x86_64
DEBUG util.py:283:  shadow-utils-4.1.5.1-21.fc22.x86_64
DEBUG util.py:283:  nss-3.17.2-2.fc22.x86_64
DEBUG util.py:283:  nss-tools-3.17.2-2.fc22.x86_64
DEBUG util.py:283:  pkgconfig-0.28-6.fc22.x86_64
DEBUG util.py:283:  shared-mime-info-1.3-15.fc22.x86_64
DEBUG util.py:283:  libuser-0.60-6.fc22.x86_64
DEBUG util.py:283:  gdb-7.8.1-30.fc22.x86_64
DEBUG util.py:283:  lzo-2.08-3.fc22.x86_64
DEBUG util.py:283:  rpm-plugin-selinux-4.12.0.1-4.fc22.x86_64
DEBUG util.py:283:  rpm-4.12.0.1-4.fc22.x86_64
DEBUG util.py:283:  pth-2.0.7-25.fc22.x86_64
DEBUG util.py:283:  rpm-build-libs-4.12.0.1-4.fc22.x86_64
DEBUG util.py:283:  util-linux-2.25.2-1.fc22.x86_64
DEBUG util.py:283:  which-2.20-8.fc22.x86_64
DEBUG util.py:283:  nss-softokn-freebl-3.17.2-2.fc22.x86_64
DEBUG util.py:283:  glibc-common-2.20.90-8.fc22.x86_64
DEBUG util.py:283:  pcre-8.36-2.fc22.x86_64
DEBUG util.py:283:  glibc-headers-2.20.90-8.fc22.x86_64
DEBUG util.py:283:  grep-2.20-6.fc22.x86_64
DEBUG util.py:283:  chkconfig-1.3.63-1.fc22.x86_64
DEBUG util.py:283:  unzip-6.0-16.fc22.x86_64
DEBUG util.py:283:  python-libs-2.7.8-8.fc22.x86_64
DEBUG util.py:373:  Child return code was: 0
DEBUG util.py:93:  remove tree: /var/lib/mock/fedora-rawhide-x86_64/root/dev
DEBUG util.py:66:  ensuring that dir exists: /var/lib/mock/fedora-rawhide-x86_64/root/dev/pts
DEBUG util.py:69:  creating dir: /var/lib/mock/fedora-rawhide-x86_64/root/dev/pts
DEBUG util.py:66:  ensuring that dir exists: /var/lib/mock/fedora-rawhide-x86_64/root/dev/shm
DEBUG util.py:69:  creating dir: /var/lib/mock/fedora-rawhide-x86_64/root/dev/shm
DEBUG backend.py:500:  kernel version == 3.17.2-300.fc21.x86_64
DEBUG util.py:333:  Executing command: ['/bin/mount', '-n', '-t', 'proc', 'proc', '/var/lib/mock/fedora-rawhide-x86_64/root/proc'] with env {'LANG': 'en_US.utf8', 'TERM': 'vt100', 'SHELL': '/bin/bash', 'HOSTNAME': 'mock', 'HOME': '/builddir', 'PATH': '/usr/bin:/bin:/usr/sbin:/sbin'}
DEBUG util.py:373:  Child return code was: 0
DEBUG util.py:333:  Executing command: ['/bin/mount', '-n', '-t', 'sysfs', 'mock_chroot_sys', '/var/lib/mock/fedora-rawhide-x86_64/root/sys'] with env {'LANG': 'en_US.utf8', 'TERM': 'vt100', 'SHELL': '/bin/bash', 'HOSTNAME': 'mock', 'HOME': '/builddir', 'PATH': '/usr/bin:/bin:/usr/sbin:/sbin'}
DEBUG util.py:373:  Child return code was: 0
DEBUG util.py:333:  Executing command: ['/bin/mount', '-n', '-t', 'tmpfs', 'mock_chroot_shmfs', '/var/lib/mock/fedora-rawhide-x86_64/root/dev/shm'] with env {'LANG': 'en_US.utf8', 'TERM': 'vt100', 'SHELL': '/bin/bash', 'HOSTNAME': 'mock', 'HOME': '/builddir', 'PATH': '/usr/bin:/bin:/usr/sbin:/sbin'}
DEBUG util.py:373:  Child return code was: 0
DEBUG util.py:333:  Executing command: ['/bin/mount', '-n', '-t', 'devpts', '-o', 'gid=5,mode=0620,ptmxmode=0666,newinstance', 'mock_chroot_devpts', '/var/lib/mock/fedora-rawhide-x86_64/root/dev/pts'] with env {'LANG': 'en_US.utf8', 'TERM': 'vt100', 'SHELL': '/bin/bash', 'HOSTNAME': 'mock', 'HOME': '/builddir', 'PATH': '/usr/bin:/bin:/usr/sbin:/sbin'}
DEBUG util.py:373:  Child return code was: 0
DEBUG util.py:333:  Executing command: ['/bin/mount', '-n', '--bind', '/var/cache/mock/fedora-rawhide-x86_64/yum_cache/', '/var/lib/mock/fedora-rawhide-x86_64/root/var/cache/yum'] with env {'LANG': 'en_US.utf8', 'TERM': 'vt100', 'SHELL': '/bin/bash', 'HOSTNAME': 'mock', 'HOME': '/builddir', 'PATH': '/usr/bin:/bin:/usr/sbin:/sbin'}
DEBUG util.py:373:  Child return code was: 0
DEBUG util.py:333:  Executing command: ['/bin/mount', '-n', '--bind', '/var/cache/mock/fedora-rawhide-x86_64/ccache/', '/var/lib/mock/fedora-rawhide-x86_64/root/tmp/ccache'] with env {'LANG': 'en_US.utf8', 'TERM': 'vt100', 'SHELL': '/bin/bash', 'HOSTNAME': 'mock', 'HOME': '/builddir', 'PATH': '/usr/bin:/bin:/usr/sbin:/sbin'}
DEBUG util.py:373:  Child return code was: 0
DEBUG util.py:333:  Executing command: ['/bin/mount', '-n', '--bind', '/tmp/mock-selinux-plugin.xwbhGZ', '/var/lib/mock/fedora-rawhide-x86_64/root/proc/filesystems'] with env {'LANG': 'en_US.utf8', 'TERM': 'vt100', 'SHELL': '/bin/bash', 'HOSTNAME': 'mock', 'HOME': '/builddir', 'PATH': '/usr/bin:/bin:/usr/sbin:/sbin'}
DEBUG util.py:373:  Child return code was: 0
DEBUG util.py:333:  Executing command: ['rpm', '-Uvh', '--nodeps', '/builddir/build/originals/devassistant-0.10.0-1.fc22.src.rpm'] with env {'LANG': 'en_US.utf8', 'TERM': 'vt100', 'SHELL': '/bin/bash', 'CCACHE_DIR': '/tmp/ccache', 'HOSTNAME': 'mock', 'PROMPT_COMMAND': 'echo -n "<mock-chroot>"', 'HOME': '/builddir', 'PATH': '/usr/bin:/bin:/usr/sbin:/sbin', 'CCACHE_UMASK': '002'}
DEBUG util.py:283:  Updating / installing...
DEBUG util.py:283:  devassistant-0.10.0-1.fc22            warning: user tradej does not exist - using root
DEBUG util.py:283:  warning: group tradej does not exist - using root
DEBUG util.py:283:  ######################################warning: user tradej does not exist - using root
DEBUG util.py:283:  warning: group tradej does not exist - using root
DEBUG util.py:283:  warning: user tradej does not exist - using root
DEBUG util.py:283:  warning: group tradej does not exist - using root
DEBUG util.py:283:  #warning: user tradej does not exist - using root
DEBUG util.py:283:  warning: group tradej does not exist - using root
DEBUG util.py:283:  warning: user tradej does not exist - using root
DEBUG util.py:283:  warning: group tradej does not exist - using root
DEBUG util.py:283:  #
DEBUG util.py:373:  Child return code was: 0
DEBUG backend.py:1000:  ['/usr/bin/yum', '--installroot', '/var/lib/mock/fedora-rawhide-x86_64/root/', '--releasever', '22', 'resolvedep', 'ccache']
DEBUG util.py:333:  Executing command: ['/usr/bin/yum', '--installroot', '/var/lib/mock/fedora-rawhide-x86_64/root/', '--releasever', '22', 'resolvedep', 'ccache', '--setopt=tsflags=nocontexts'] with env {'LANG': 'en_US.utf8', 'TERM': 'vt100', 'SHELL': '/bin/bash', 'LC_MESSAGES': 'C', 'HOSTNAME': 'mock', 'PATH': '/usr/bin:/bin:/usr/sbin:/sbin', 'PROMPT_COMMAND': 'echo -n "<mock-chroot>"', 'HOME': '/builddir', 'CCACHE_DIR': '/tmp/ccache', 'CCACHE_UMASK': '002'}
DEBUG util.py:283:    ccache:
DEBUG util.py:283:  0:ccache-3.1.10-1.fc22.x86_64 fedora
DEBUG util.py:373:  Child return code was: 0
DEBUG backend.py:1000:  ['/usr/bin/yum', '--installroot', '/var/lib/mock/fedora-rawhide-x86_64/root/', '--releasever', '22', 'install', 'ccache']
DEBUG util.py:333:  Executing command: ['/usr/bin/yum', '--installroot', '/var/lib/mock/fedora-rawhide-x86_64/root/', '--releasever', '22', 'install', 'ccache', '--setopt=tsflags=nocontexts'] with env {'LANG': 'en_US.utf8', 'TERM': 'vt100', 'SHELL': '/bin/bash', 'LC_MESSAGES': 'C', 'HOSTNAME': 'mock', 'PATH': '/usr/bin:/bin:/usr/sbin:/sbin', 'PROMPT_COMMAND': 'echo -n "<mock-chroot>"', 'HOME': '/builddir', 'CCACHE_DIR': '/tmp/ccache', 'CCACHE_UMASK': '002'}
DEBUG util.py:283:  ================================================================================
DEBUG util.py:283:   Package         Arch            Version                  Repository       Size
DEBUG util.py:283:  ================================================================================
DEBUG util.py:283:  Installing:
DEBUG util.py:283:   ccache          x86_64          3.1.10-1.fc22            fedora          161 k
DEBUG util.py:283:  Transaction Summary
DEBUG util.py:283:  ================================================================================
DEBUG util.py:283:  Install  1 Package
DEBUG util.py:283:  Total size: 161 k
DEBUG util.py:283:  Installed size: 392 k
DEBUG util.py:283:  Installed:
DEBUG util.py:283:    ccache.x86_64 0:3.1.10-1.fc22                                                 
DEBUG util.py:373:  Child return code was: 0
DEBUG backend.py:1000:  ['/usr/bin/yum-builddep', '--installroot', '/var/lib/mock/fedora-rawhide-x86_64/root/', '--releasever', '22', '/var/lib/mock/fedora-rawhide-x86_64/root///builddir/build/SRPMS/devassistant-0.10.0-1.fc22.src.rpm']
DEBUG util.py:333:  Executing command: ['/usr/bin/yum-builddep', '--installroot', '/var/lib/mock/fedora-rawhide-x86_64/root/', '--releasever', '22', '/var/lib/mock/fedora-rawhide-x86_64/root///builddir/build/SRPMS/devassistant-0.10.0-1.fc22.src.rpm', '--setopt=tsflags=nocontexts'] with env {'LANG': 'en_US.utf8', 'TERM': 'vt100', 'SHELL': '/bin/bash', 'LC_MESSAGES': 'C', 'HOSTNAME': 'mock', 'PATH': '/usr/bin:/bin:/usr/sbin:/sbin', 'PROMPT_COMMAND': 'echo -n "<mock-chroot>"', 'HOME': '/builddir', 'CCACHE_DIR': '/tmp/ccache', 'CCACHE_UMASK': '002'}
DEBUG util.py:283:  Getting requirements for devassistant-0.10.0-1.fc22.src
DEBUG util.py:283:   --> PyYAML-3.11-6.fc22.x86_64
DEBUG util.py:283:   --> desktop-file-utils-0.22-3.fc22.x86_64
DEBUG util.py:283:   --> pytest-2.6.3-1.fc22.noarch
DEBUG util.py:283:   --> python-flexmock-0.9.6-5.fc21.noarch
DEBUG util.py:283:   --> python-jinja2-2.7.3-1.fc21.noarch
DEBUG util.py:283:   --> python-progress-1.2-4.fc21.noarch
DEBUG util.py:283:   --> python-setuptools-7.0-1.fc22.noarch
DEBUG util.py:283:   --> python-six-1.7.3-2.fc22.noarch
DEBUG util.py:283:   --> python-devel-2.7.8-8.fc22.x86_64
DEBUG util.py:283:  ================================================================================
DEBUG util.py:283:   Package                               Arch     Version          Repository
DEBUG util.py:283:                                                                             Size
DEBUG util.py:283:  ================================================================================
DEBUG util.py:283:  Installing:
DEBUG util.py:283:   PyYAML                                x86_64   3.11-6.fc22      fedora   168 k
DEBUG util.py:283:   desktop-file-utils                    x86_64   0.22-3.fc22      fedora    72 k
DEBUG util.py:283:   pytest                                noarch   2.6.3-1.fc22     fedora   1.0 M
DEBUG util.py:283:   python-devel                          x86_64   2.7.8-8.fc22     fedora   394 k
DEBUG util.py:283:   python-flexmock                       noarch   0.9.6-5.fc21     fedora    31 k
DEBUG util.py:283:   python-jinja2                         noarch   2.7.3-1.fc21     fedora   527 k
DEBUG util.py:283:   python-progress                       noarch   1.2-4.fc21       fedora    15 k
DEBUG util.py:283:   python-setuptools                     noarch   7.0-1.fc22       fedora   412 k
DEBUG util.py:283:   python-six                            noarch   1.7.3-2.fc22     fedora    31 k
DEBUG util.py:283:  Installing for dependencies:
DEBUG util.py:283:   emacs-filesystem                      noarch   1:24.4-2.fc22    fedora    63 k
DEBUG util.py:283:   libyaml                               x86_64   0.1.6-5.fc22     fedora    58 k
DEBUG util.py:283:   python                                x86_64   2.7.8-8.fc22     fedora    92 k
DEBUG util.py:283:   python-babel                          noarch   1.3-6.fc22       fedora   2.5 M
DEBUG util.py:283:   python-backports                      x86_64   1.0-5.fc22       fedora   9.7 k
DEBUG util.py:283:   python-backports-ssl_match_hostname   noarch   3.4.0.2-4.fc22   fedora    17 k
DEBUG util.py:283:   python-markupsafe                     x86_64   0.23-6.fc22      fedora    35 k
DEBUG util.py:283:   python-py                             noarch   1.4.25-2.fc22    fedora   354 k
DEBUG util.py:283:   pytz                                  noarch   2012d-7.fc21     fedora    39 k
DEBUG util.py:283:  Transaction Summary
DEBUG util.py:283:  ================================================================================
DEBUG util.py:283:  Install  9 Packages (+9 Dependent packages)
DEBUG util.py:283:  Total size: 5.7 M
DEBUG util.py:283:  Total download size: 495 k
DEBUG util.py:283:  Installed size: 24 M
DEBUG util.py:283:  Delta RPMs reduced 486 k of updates to 131 k (73% saved)
DEBUG util.py:283:  Finishing delta rebuilds of 1 package(s) (394 k)
DEBUG util.py:283:  Installed:
DEBUG util.py:283:    PyYAML.x86_64 0:3.11-6.fc22           desktop-file-utils.x86_64 0:0.22-3.fc22
DEBUG util.py:283:    pytest.noarch 0:2.6.3-1.fc22          python-devel.x86_64 0:2.7.8-8.fc22     
DEBUG util.py:283:    python-flexmock.noarch 0:0.9.6-5.fc21 python-jinja2.noarch 0:2.7.3-1.fc21    
DEBUG util.py:283:    python-progress.noarch 0:1.2-4.fc21   python-setuptools.noarch 0:7.0-1.fc22  
DEBUG util.py:283:    python-six.noarch 0:1.7.3-2.fc22     
DEBUG util.py:283:  Dependency Installed:
DEBUG util.py:283:    emacs-filesystem.noarch 1:24.4-2.fc22                                         
DEBUG util.py:283:    libyaml.x86_64 0:0.1.6-5.fc22                                                 
DEBUG util.py:283:    python.x86_64 0:2.7.8-8.fc22                                                  
DEBUG util.py:283:    python-babel.noarch 0:1.3-6.fc22                                              
DEBUG util.py:283:    python-backports.x86_64 0:1.0-5.fc22                                          
DEBUG util.py:283:    python-backports-ssl_match_hostname.noarch 0:3.4.0.2-4.fc22                   
DEBUG util.py:283:    python-markupsafe.x86_64 0:0.23-6.fc22                                        
DEBUG util.py:283:    python-py.noarch 0:1.4.25-2.fc22                                              
DEBUG util.py:283:    pytz.noarch 0:2012d-7.fc21                                                    
DEBUG util.py:373:  Child return code was: 0
DEBUG util.py:333:  Executing command: ['ccache', '-M', '4G'] with env {'LANG': 'en_US.utf8', 'TERM': 'vt100', 'SHELL': '/bin/bash', 'CCACHE_DIR': '/tmp/ccache', 'HOSTNAME': 'mock', 'PROMPT_COMMAND': 'echo -n "<mock-chroot>"', 'HOME': '/builddir', 'PATH': '/usr/bin:/bin:/usr/sbin:/sbin', 'CCACHE_UMASK': '002'}
DEBUG util.py:283:  Set cache size limit to 4.0 Gbytes
DEBUG util.py:373:  Child return code was: 0
DEBUG util.py:333:  Executing command: ['/bin/umount', '-n', '/var/lib/mock/fedora-rawhide-x86_64/root/proc/filesystems'] with env {'LANG': 'en_US.utf8', 'TERM': 'vt100', 'SHELL': '/bin/bash', 'HOSTNAME': 'mock', 'HOME': '/builddir', 'PATH': '/usr/bin:/bin:/usr/sbin:/sbin'}
DEBUG util.py:373:  Child return code was: 0
DEBUG util.py:333:  Executing command: ['/bin/umount', '-n', '/var/lib/mock/fedora-rawhide-x86_64/root/tmp/ccache'] with env {'LANG': 'en_US.utf8', 'TERM': 'vt100', 'SHELL': '/bin/bash', 'HOSTNAME': 'mock', 'HOME': '/builddir', 'PATH': '/usr/bin:/bin:/usr/sbin:/sbin'}
DEBUG util.py:373:  Child return code was: 0
DEBUG util.py:333:  Executing command: ['/bin/umount', '-n', '/var/lib/mock/fedora-rawhide-x86_64/root/var/cache/yum'] with env {'LANG': 'en_US.utf8', 'TERM': 'vt100', 'SHELL': '/bin/bash', 'HOSTNAME': 'mock', 'HOME': '/builddir', 'PATH': '/usr/bin:/bin:/usr/sbin:/sbin'}
DEBUG util.py:373:  Child return code was: 0
DEBUG util.py:333:  Executing command: ['/bin/umount', '-n', '-l', '/var/lib/mock/fedora-rawhide-x86_64/root/dev/pts'] with env {'LANG': 'en_US.utf8', 'TERM': 'vt100', 'SHELL': '/bin/bash', 'HOSTNAME': 'mock', 'HOME': '/builddir', 'PATH': '/usr/bin:/bin:/usr/sbin:/sbin'}
DEBUG util.py:373:  Child return code was: 0
DEBUG util.py:333:  Executing command: ['/bin/umount', '-n', '-l', '/var/lib/mock/fedora-rawhide-x86_64/root/dev/shm'] with env {'LANG': 'en_US.utf8', 'TERM': 'vt100', 'SHELL': '/bin/bash', 'HOSTNAME': 'mock', 'HOME': '/builddir', 'PATH': '/usr/bin:/bin:/usr/sbin:/sbin'}
DEBUG util.py:373:  Child return code was: 0
DEBUG util.py:333:  Executing command: ['/bin/umount', '-n', '-l', '/var/lib/mock/fedora-rawhide-x86_64/root/sys'] with env {'LANG': 'en_US.utf8', 'TERM': 'vt100', 'SHELL': '/bin/bash', 'HOSTNAME': 'mock', 'HOME': '/builddir', 'PATH': '/usr/bin:/bin:/usr/sbin:/sbin'}
DEBUG util.py:373:  Child return code was: 0
DEBUG util.py:333:  Executing command: ['/bin/umount', '-n', '-l', '/var/lib/mock/fedora-rawhide-x86_64/root/proc'] with env {'LANG': 'en_US.utf8', 'TERM': 'vt100', 'SHELL': '/bin/bash', 'HOSTNAME': 'mock', 'HOME': '/builddir', 'PATH': '/usr/bin:/bin:/usr/sbin:/sbin'}
DEBUG util.py:373:  Child return code was: 0
DEBUG util.py:121:  kill orphans
DEBUG util.py:93:  remove tree: /var/lib/mock/fedora-rawhide-x86_64.tmp
INFO backend.py:228:  chroot (/var/lib/mock/fedora-rawhide-x86_64) unlocked and deleted
DEBUG util.py:121:  kill orphans
